[2m2026-05-11T08:10:34.389715Z[0m [32m INFO[0m [2medcas_client[0m[2m:[0m [2msrc/main.rs[0m[2m:[0m[2m321:[0m EDCAS client starting
[2m2026-05-11T08:10:34.389772Z[0m [32m INFO[0m [2medcas_client[0m[2m:[0m [2msrc/main.rs[0m[2m:[0m[2m324:[0m CLI arguments: ["target/debug/edcas-client"]
[2m2026-05-11T08:10:34.389845Z[0m [32m INFO[0m [2medcas_client[0m[2m:[0m [2msrc/main.rs[0m[2m:[0m[2m338:[0m Terminal raw mode enabled
[2m2026-05-11T08:10:34.391206Z[0m [34mDEBUG[0m [2medcas_client::settings[0m[2m:[0m [2msrc/settings.rs[0m[2m:[0m[2m93:[0m Journal logs: /home/arne/.steam/steam/steamapps/compatdata/359320/pfx/drive_c/users/steamuser/Saved Games/Frontier Developments/Elite Dangerous
[2m2026-05-11T08:10:34.391227Z[0m [34mDEBUG[0m [2medcas_client::settings[0m[2m:[0m [2msrc/settings.rs[0m[2m:[0m[2m119:[0m Graphics path: /home/arne/.steam/root/steamapps/compatdata/359320/pfx/drive_c/users/steamuser/AppData/Local/Frontier Developments/Elite Dangerous/Options/Graphics
[2m2026-05-11T08:10:34.391240Z[0m [32m INFO[0m [2medcas_client[0m[2m:[0m [2msrc/main.rs[0m[2m:[0m[2m122:[0m Settings loaded
[2m2026-05-11T08:10:34.391246Z[0m [32m INFO[0m [2medcas_client[0m[2m:[0m [2msrc/main.rs[0m[2m:[0m[2m126:[0m Journal directory configured: /home/arne/.steam/steam/steamapps/compatdata/359320/pfx/drive_c/users/steamuser/Saved Games/Frontier Developments/Elite Dangerous
[2m2026-05-11T08:10:34.391253Z[0m [32m INFO[0m [2medcas_client[0m[2m:[0m [2msrc/main.rs[0m[2m:[0m[2m136:[0m Starting journal reader for directory: /home/arne/.steam/steam/steamapps/compatdata/359320/pfx/drive_c/users/steamuser/Saved Games/Frontier Developments/Elite Dangerous
[2m2026-05-11T08:10:34.391260Z[0m [32m INFO[0m [2medcas_client::journal_reader[0m[2m:[0m [2msrc/journal_reader.rs[0m[2m:[0m[2m356:[0m Initializing journal reader for: /home/arne/.steam/steam/steamapps/compatdata/359320/pfx/drive_c/users/steamuser/Saved Games/Frontier Developments/Elite Dangerous
[2m2026-05-11T08:10:34.391364Z[0m [32m INFO[0m [2medcas_client::journal_reader[0m[2m:[0m [2msrc/journal_reader.rs[0m[2m:[0m[2m364:[0m Loading existing journal files from: /home/arne/.steam/steam/steamapps/compatdata/359320/pfx/drive_c/users/steamuser/Saved Games/Frontier Developments/Elite Dangerous
[2m2026-05-11T08:10:34.395197Z[0m [32m INFO[0m [2medcas_client::journal_reader[0m[2m:[0m [2msrc/journal_reader.rs[0m[2m:[0m[2m409:[0m Loading journal file: /home/arne/.steam/steam/steamapps/compatdata/359320/pfx/drive_c/users/steamuser/Saved Games/Frontier Developments/Elite Dangerous/Journal.2026-05-11T074214.01.log
[2m2026-05-11T08:10:34.396456Z[0m [34mDEBUG[0m [2medcas_client::journal_reader[0m[2m:[0m [2msrc/journal_reader.rs[0m[2m:[0m[2m124:[0m Location: Antliae Sector KM-W c1-6
[2m2026-05-11T08:10:34.404609Z[0m [34mDEBUG[0m [2medcas_client::journal_reader[0m[2m:[0m [2msrc/journal_reader.rs[0m[2m:[0m[2m119:[0m FSDJump to Antliae Sector RD-T b3-1
[2m2026-05-11T08:10:34.406289Z[0m [34mDEBUG[0m [2medcas_client::journal_reader[0m[2m:[0m [2msrc/journal_reader.rs[0m[2m:[0m[2m119:[0m FSDJump to Chokota
[2m2026-05-11T08:10:34.408170Z[0m [34mDEBUG[0m [2medcas_client::journal_reader[0m[2m:[0m [2msrc/journal_reader.rs[0m[2m:[0m[2m119:[0m FSDJump to Crucis Sector KH-V b2-2
[2m2026-05-11T08:10:34.409814Z[0m [34mDEBUG[0m [2medcas_client::journal_reader[0m[2m:[0m [2msrc/journal_reader.rs[0m[2m:[0m[2m119:[0m FSDJump to LTT 4350
[2m2026-05-11T08:10:34.411540Z[0m [34mDEBUG[0m [2medcas_client::journal_reader[0m[2m:[0m [2msrc/journal_reader.rs[0m[2m:[0m[2m119:[0m FSDJump to Akandi
[2m2026-05-11T08:10:34.412790Z[0m [34mDEBUG[0m [2medcas_client::journal_reader[0m[2m:[0m [2msrc/journal_reader.rs[0m[2m:[0m[2m134:[0m Scan: Akandi B
[2m2026-05-11T08:10:34.412849Z[0m [34mDEBUG[0m [2medcas_client::journal_reader[0m[2m:[0m [2msrc/journal_reader.rs[0m[2m:[0m[2m134:[0m Scan: Akandi C
[2m2026-05-11T08:10:34.413711Z[0m [34mDEBUG[0m [2medcas_client::journal_reader[0m[2m:[0m [2msrc/journal_reader.rs[0m[2m:[0m[2m119:[0m FSDJump to Shinrarta Dezhra
[2m2026-05-11T08:10:34.420234Z[0m [34mDEBUG[0m [2medcas_client::journal_reader[0m[2m:[0m [2msrc/journal_reader.rs[0m[2m:[0m[2m119:[0m FSDJump to Gluscap
[2m2026-05-11T08:10:34.422005Z[0m [34mDEBUG[0m [2medcas_client::journal_reader[0m[2m:[0m [2msrc/journal_reader.rs[0m[2m:[0m[2m119:[0m FSDJump to Gadjali
[2m2026-05-11T08:10:34.422948Z[0m [34mDEBUG[0m [2medcas_client::journal_reader[0m[2m:[0m [2msrc/journal_reader.rs[0m[2m:[0m[2m134:[0m Scan: Gadjali A
[2m2026-05-11T08:10:34.423019Z[0m [34mDEBUG[0m [2medcas_client::journal_reader[0m[2m:[0m [2msrc/journal_reader.rs[0m[2m:[0m[2m134:[0m Scan: Gadjali B
[2m2026-05-11T08:10:34.423904Z[0m [34mDEBUG[0m [2medcas_client::journal_reader[0m[2m:[0m [2msrc/journal_reader.rs[0m[2m:[0m[2m119:[0m FSDJump to Crucis Sector FG-X b1-6
[2m2026-05-11T08:10:34.425641Z[0m [34mDEBUG[0m [2medcas_client::journal_reader[0m[2m:[0m [2msrc/journal_reader.rs[0m[2m:[0m[2m119:[0m FSDJump to Benapem
[2m2026-05-11T08:10:34.427331Z[0m [34mDEBUG[0m [2medcas_client::journal_reader[0m[2m:[0m [2msrc/journal_reader.rs[0m[2m:[0m[2m119:[0m FSDJump to Antliae Sector HR-W c1-13
[2m2026-05-11T08:10:34.429026Z[0m [34mDEBUG[0m [2medcas_client::journal_reader[0m[2m:[0m [2msrc/journal_reader.rs[0m[2m:[0m[2m119:[0m FSDJump to Antliae Sector KM-W c1-6
[2m2026-05-11T08:10:34.430728Z[0m [34mDEBUG[0m [2medcas_client::journal_reader[0m[2m:[0m [2msrc/journal_reader.rs[0m[2m:[0m[2m134:[0m Scan: Antliae Sector KM-W c1-6 B 5
[2m2026-05-11T08:10:34.430846Z[0m [34mDEBUG[0m [2medcas_client::journal_reader[0m[2m:[0m [2msrc/journal_reader.rs[0m[2m:[0m[2m134:[0m Scan: Antliae Sector KM-W c1-6 A 5
[2m2026-05-11T08:10:34.430925Z[0m [34mDEBUG[0m [2medcas_client::journal_reader[0m[2m:[0m [2msrc/journal_reader.rs[0m[2m:[0m[2m134:[0m Scan: Antliae Sector KM-W c1-6 B 4
[2m2026-05-11T08:10:34.430960Z[0m [34mDEBUG[0m [2medcas_client::journal_reader[0m[2m:[0m [2msrc/journal_reader.rs[0m[2m:[0m[2m134:[0m Scan: Antliae Sector KM-W c1-6 A A Belt Cluster 1
[2m2026-05-11T08:10:34.431031Z[0m [34mDEBUG[0m [2medcas_client::journal_reader[0m[2m:[0m [2msrc/journal_reader.rs[0m[2m:[0m[2m134:[0m Scan: Antliae Sector KM-W c1-6 B 2
[2m2026-05-11T08:10:34.431117Z[0m [34mDEBUG[0m [2medcas_client::journal_reader[0m[2m:[0m [2msrc/journal_reader.rs[0m[2m:[0m[2m134:[0m Scan: Antliae Sector KM-W c1-6 A 11
[2m2026-05-11T08:10:34.431212Z[0m [34mDEBUG[0m [2medcas_client::journal_reader[0m[2m:[0m [2msrc/journal_reader.rs[0m[2m:[0m[2m134:[0m Scan: Antliae Sector KM-W c1-6 A 8
[2m2026-05-11T08:10:34.431286Z[0m [34mDEBUG[0m [2medcas_client::journal_reader[0m[2m:[0m [2msrc/journal_reader.rs[0m[2m:[0m[2m134:[0m Scan: Antliae Sector KM-W c1-6 B 6
[2m2026-05-11T08:10:34.431324Z[0m [34mDEBUG[0m [2medcas_client::journal_reader[0m[2m:[0m [2msrc/journal_reader.rs[0m[2m:[0m[2m134:[0m Scan: Antliae Sector KM-W c1-6 A A Belt Cluster 3
[2m2026-05-11T08:10:34.431397Z[0m [34mDEBUG[0m [2medcas_client::journal_reader[0m[2m:[0m [2msrc/journal_reader.rs[0m[2m:[0m[2m134:[0m Scan: Antliae Sector KM-W c1-6 A 4 a
[2m2026-05-11T08:10:34.431496Z[0m [34mDEBUG[0m [2medcas_client::journal_reader[0m[2m:[0m [2msrc/journal_reader.rs[0m[2m:[0m[2m134:[0m Scan: Antliae Sector KM-W c1-6 B 1
[2m2026-05-11T08:10:34.431579Z[0m [34mDEBUG[0m [2medcas_client::journal_reader[0m[2m:[0m [2msrc/journal_reader.rs[0m[2m:[0m[2m134:[0m Scan: Antliae Sector KM-W c1-6 A
[2m2026-05-11T08:10:34.431662Z[0m [34mDEBUG[0m [2medcas_client::journal_reader[0m[2m:[0m [2msrc/journal_reader.rs[0m[2m:[0m[2m134:[0m Scan: Antliae Sector KM-W c1-6 A 7
[2m2026-05-11T08:10:34.431696Z[0m [34mDEBUG[0m [2medcas_client::journal_reader[0m[2m:[0m [2msrc/journal_reader.rs[0m[2m:[0m[2m134:[0m Scan: Antliae Sector KM-W c1-6 A A Belt Cluster 2
[2m2026-05-11T08:10:34.431765Z[0m [34mDEBUG[0m [2medcas_client::journal_reader[0m[2m:[0m [2msrc/journal_reader.rs[0m[2m:[0m[2m134:[0m Scan: Antliae Sector KM-W c1-6 A 9
[2m2026-05-11T08:10:34.431848Z[0m [34mDEBUG[0m [2medcas_client::journal_reader[0m[2m:[0m [2msrc/journal_reader.rs[0m[2m:[0m[2m134:[0m Scan: Antliae Sector KM-W c1-6 A 10
[2m2026-05-11T08:10:34.431884Z[0m [34mDEBUG[0m [2medcas_client::journal_reader[0m[2m:[0m [2msrc/journal_reader.rs[0m[2m:[0m[2m134:[0m Scan: Antliae Sector KM-W c1-6 A A Belt Cluster 4
[2m2026-05-11T08:10:34.431958Z[0m [34mDEBUG[0m [2medcas_client::journal_reader[0m[2m:[0m [2msrc/journal_reader.rs[0m[2m:[0m[2m134:[0m Scan: Antliae Sector KM-W c1-6 B 7
[2m2026-05-11T08:10:34.432057Z[0m [34mDEBUG[0m [2medcas_client::journal_reader[0m[2m:[0m [2msrc/journal_reader.rs[0m[2m:[0m[2m134:[0m Scan: Antliae Sector KM-W c1-6 A 2
[2m2026-05-11T08:10:34.432130Z[0m [34mDEBUG[0m [2medcas_client::journal_reader[0m[2m:[0m [2msrc/journal_reader.rs[0m[2m:[0m[2m134:[0m Scan: Antliae Sector KM-W c1-6 B 9
[2m2026-05-11T08:10:34.432200Z[0m [34mDEBUG[0m [2medcas_client::journal_reader[0m[2m:[0m [2msrc/journal_reader.rs[0m[2m:[0m[2m134:[0m Scan: Antliae Sector KM-W c1-6 A 6
[2m2026-05-11T08:10:34.432298Z[0m [34mDEBUG[0m [2medcas_client::journal_reader[0m[2m:[0m [2msrc/journal_reader.rs[0m[2m:[0m[2m134:[0m Scan: Antliae Sector KM-W c1-6 A 1
[2m2026-05-11T08:10:34.432353Z[0m [34mDEBUG[0m [2medcas_client::journal_reader[0m[2m:[0m [2msrc/journal_reader.rs[0m[2m:[0m[2m134:[0m Scan: Antliae Sector KM-W c1-6 B
[2m2026-05-11T08:10:34.432427Z[0m [34mDEBUG[0m [2medcas_client::journal_reader[0m[2m:[0m [2msrc/journal_reader.rs[0m[2m:[0m[2m134:[0m Scan: Antliae Sector KM-W c1-6 A 4
[2m2026-05-11T08:10:34.432504Z[0m [34mDEBUG[0m [2medcas_client::journal_reader[0m[2m:[0m [2msrc/journal_reader.rs[0m[2m:[0m[2m134:[0m Scan: Antliae Sector KM-W c1-6 B 8
[2m2026-05-11T08:10:34.432603Z[0m [34mDEBUG[0m [2medcas_client::journal_reader[0m[2m:[0m [2msrc/journal_reader.rs[0m[2m:[0m[2m134:[0m Scan: Antliae Sector KM-W c1-6 A 3
[2m2026-05-11T08:10:34.432676Z[0m [34mDEBUG[0m [2medcas_client::journal_reader[0m[2m:[0m [2msrc/journal_reader.rs[0m[2m:[0m[2m134:[0m Scan: Antliae Sector KM-W c1-6 B 3
[2m2026-05-11T08:10:34.438387Z[0m [32m INFO[0m [2medcas_client::journal_reader[0m[2m:[0m [2msrc/journal_reader.rs[0m[2m:[0m[2m366:[0m Loaded 28 bodies from existing files
[2m2026-05-11T08:10:34.441061Z[0m [32m INFO[0m [2medcas_client::journal_reader[0m[2m:[0m [2msrc/journal_reader.rs[0m[2m:[0m[2m433:[0m Journal file changed to: /home/arne/.steam/steam/steamapps/compatdata/359320/pfx/drive_c/users/steamuser/Saved Games/Frontier Developments/Elite Dangerous/Journal.2026-05-11T074214.01.log
[2m2026-05-11T08:10:34.442069Z[0m [34mDEBUG[0m [2medcas_client::journal_reader[0m[2m:[0m [2msrc/journal_reader.rs[0m[2m:[0m[2m124:[0m Location: Antliae Sector KM-W c1-6
[2m2026-05-11T08:10:34.449766Z[0m [34mDEBUG[0m [2medcas_client::journal_reader[0m[2m:[0m [2msrc/journal_reader.rs[0m[2m:[0m[2m119:[0m FSDJump to Antliae Sector RD-T b3-1
[2m2026-05-11T08:10:34.451412Z[0m [34mDEBUG[0m [2medcas_client::journal_reader[0m[2m:[0m [2msrc/journal_reader.rs[0m[2m:[0m[2m119:[0m FSDJump to Chokota
[2m2026-05-11T08:10:34.453124Z[0m [34mDEBUG[0m [2medcas_client::journal_reader[0m[2m:[0m [2msrc/journal_reader.rs[0m[2m:[0m[2m119:[0m FSDJump to Crucis Sector KH-V b2-2
[2m2026-05-11T08:10:34.454325Z[0m [34mDEBUG[0m [2mhyper_util::client::legacy::connect::http[0m[2m:[0m [2m/home/arne/.cargo/registry/src/index.crates.io-1949cf8c6b5b557f/hyper-util-0.1.17/src/client/legacy/connect/http.rs[0m[2m:[0m[2m768:[0m connecting to [2600:9000:28c5:3000:c:bfa0:6b00:93a1]:443
[2m2026-05-11T08:10:34.454772Z[0m [34mDEBUG[0m [2medcas_client::journal_reader[0m[2m:[0m [2msrc/journal_reader.rs[0m[2m:[0m[2m119:[0m FSDJump to LTT 4350
[2m2026-05-11T08:10:34.456504Z[0m [34mDEBUG[0m [2medcas_client::journal_reader[0m[2m:[0m [2msrc/journal_reader.rs[0m[2m:[0m[2m119:[0m FSDJump to Akandi
[2m2026-05-11T08:10:34.457727Z[0m [34mDEBUG[0m [2medcas_client::journal_reader[0m[2m:[0m [2msrc/journal_reader.rs[0m[2m:[0m[2m134:[0m Scan: Akandi B
[2m2026-05-11T08:10:34.457811Z[0m [34mDEBUG[0m [2medcas_client::journal_reader[0m[2m:[0m [2msrc/journal_reader.rs[0m[2m:[0m[2m134:[0m Scan: Akandi C
[2m2026-05-11T08:10:34.458677Z[0m [34mDEBUG[0m [2medcas_client::journal_reader[0m[2m:[0m [2msrc/journal_reader.rs[0m[2m:[0m[2m119:[0m FSDJump to Shinrarta Dezhra
[2m2026-05-11T08:10:34.464980Z[0m [34mDEBUG[0m [2medcas_client::journal_reader[0m[2m:[0m [2msrc/journal_reader.rs[0m[2m:[0m[2m119:[0m FSDJump to Gluscap
[2m2026-05-11T08:10:34.466734Z[0m [34mDEBUG[0m [2medcas_client::journal_reader[0m[2m:[0m [2msrc/journal_reader.rs[0m[2m:[0m[2m119:[0m FSDJump to Gadjali
[2m2026-05-11T08:10:34.467532Z[0m [34mDEBUG[0m [2medcas_client::journal_reader[0m[2m:[0m [2msrc/journal_reader.rs[0m[2m:[0m[2m134:[0m Scan: Gadjali A
[2m2026-05-11T08:10:34.467602Z[0m [34mDEBUG[0m [2medcas_client::journal_reader[0m[2m:[0m [2msrc/journal_reader.rs[0m[2m:[0m[2m134:[0m Scan: Gadjali B
[2m2026-05-11T08:10:34.468505Z[0m [34mDEBUG[0m [2medcas_client::journal_reader[0m[2m:[0m [2msrc/journal_reader.rs[0m[2m:[0m[2m119:[0m FSDJump to Crucis Sector FG-X b1-6
[2m2026-05-11T08:10:34.470173Z[0m [34mDEBUG[0m [2medcas_client::journal_reader[0m[2m:[0m [2msrc/journal_reader.rs[0m[2m:[0m[2m119:[0m FSDJump to Benapem
[2m2026-05-11T08:10:34.472028Z[0m [34mDEBUG[0m [2medcas_client::journal_reader[0m[2m:[0m [2msrc/journal_reader.rs[0m[2m:[0m[2m119:[0m FSDJump to Antliae Sector HR-W c1-13
[2m2026-05-11T08:10:34.473368Z[0m [34mDEBUG[0m [2mhyper_util::client::legacy::connect::http[0m[2m:[0m [2m/home/arne/.cargo/registry/src/index.crates.io-1949cf8c6b5b557f/hyper-util-0.1.17/src/client/legacy/connect/http.rs[0m[2m:[0m[2m771:[0m connected to [2600:9000:28c5:3000:c:bfa0:6b00:93a1]:443
[2m2026-05-11T08:10:34.473769Z[0m [34mDEBUG[0m [2medcas_client::journal_reader[0m[2m:[0m [2msrc/journal_reader.rs[0m[2m:[0m[2m119:[0m FSDJump to Antliae Sector KM-W c1-6
[2m2026-05-11T08:10:34.475434Z[0m [34mDEBUG[0m [2medcas_client::journal_reader[0m[2m:[0m [2msrc/journal_reader.rs[0m[2m:[0m[2m134:[0m Scan: Antliae Sector KM-W c1-6 B 5
[2m2026-05-11T08:10:34.475550Z[0m [34mDEBUG[0m [2medcas_client::journal_reader[0m[2m:[0m [2msrc/journal_reader.rs[0m[2m:[0m[2m134:[0m Scan: Antliae Sector KM-W c1-6 A 5
[2m2026-05-11T08:10:34.475627Z[0m [34mDEBUG[0m [2medcas_client::journal_reader[0m[2m:[0m [2msrc/journal_reader.rs[0m[2m:[0m[2m134:[0m Scan: Antliae Sector KM-W c1-6 B 4
[2m2026-05-11T08:10:34.475662Z[0m [34mDEBUG[0m [2medcas_client::journal_reader[0m[2m:[0m [2msrc/journal_reader.rs[0m[2m:[0m[2m134:[0m Scan: Antliae Sector KM-W c1-6 A A Belt Cluster 1
[2m2026-05-11T08:10:34.475732Z[0m [34mDEBUG[0m [2medcas_client::journal_reader[0m[2m:[0m [2msrc/journal_reader.rs[0m[2m:[0m[2m134:[0m Scan: Antliae Sector KM-W c1-6 B 2
[2m2026-05-11T08:10:34.475847Z[0m [34mDEBUG[0m [2medcas_client::journal_reader[0m[2m:[0m [2msrc/journal_reader.rs[0m[2m:[0m[2m134:[0m Scan: Antliae Sector KM-W c1-6 A 11
[2m2026-05-11T08:10:34.475964Z[0m [34mDEBUG[0m [2medcas_client::journal_reader[0m[2m:[0m [2msrc/journal_reader.rs[0m[2m:[0m[2m134:[0m Scan: Antliae Sector KM-W c1-6 A 8
[2m2026-05-11T08:10:34.476043Z[0m [34mDEBUG[0m [2medcas_client::journal_reader[0m[2m:[0m [2msrc/journal_reader.rs[0m[2m:[0m[2m134:[0m Scan: Antliae Sector KM-W c1-6 B 6
[2m2026-05-11T08:10:34.476081Z[0m [34mDEBUG[0m [2medcas_client::journal_reader[0m[2m:[0m [2msrc/journal_reader.rs[0m[2m:[0m[2m134:[0m Scan: Antliae Sector KM-W c1-6 A A Belt Cluster 3
[2m2026-05-11T08:10:34.476154Z[0m [34mDEBUG[0m [2medcas_client::journal_reader[0m[2m:[0m [2msrc/journal_reader.rs[0m[2m:[0m[2m134:[0m Scan: Antliae Sector KM-W c1-6 A 4 a
[2m2026-05-11T08:10:34.476227Z[0m [34mDEBUG[0m [2medcas_client::journal_reader[0m[2m:[0m [2msrc/journal_reader.rs[0m[2m:[0m[2m134:[0m Scan: Antliae Sector KM-W c1-6 B 1
[2m2026-05-11T08:10:34.476289Z[0m [34mDEBUG[0m [2medcas_client::journal_reader[0m[2m:[0m [2msrc/journal_reader.rs[0m[2m:[0m[2m134:[0m Scan: Antliae Sector KM-W c1-6 A
[2m2026-05-11T08:10:34.476360Z[0m [34mDEBUG[0m [2medcas_client::journal_reader[0m[2m:[0m [2msrc/journal_reader.rs[0m[2m:[0m[2m134:[0m Scan: Antliae Sector KM-W c1-6 A 7
[2m2026-05-11T08:10:34.476394Z[0m [34mDEBUG[0m [2medcas_client::journal_reader[0m[2m:[0m [2msrc/journal_reader.rs[0m[2m:[0m[2m134:[0m Scan: Antliae Sector KM-W c1-6 A A Belt Cluster 2
[2m2026-05-11T08:10:34.476479Z[0m [34mDEBUG[0m [2medcas_client::journal_reader[0m[2m:[0m [2msrc/journal_reader.rs[0m[2m:[0m[2m134:[0m Scan: Antliae Sector KM-W c1-6 A 9
[2m2026-05-11T08:10:34.476565Z[0m [34mDEBUG[0m [2medcas_client::journal_reader[0m[2m:[0m [2msrc/journal_reader.rs[0m[2m:[0m[2m134:[0m Scan: Antliae Sector KM-W c1-6 A 10
[2m2026-05-11T08:10:34.476601Z[0m [34mDEBUG[0m [2medcas_client::journal_reader[0m[2m:[0m [2msrc/journal_reader.rs[0m[2m:[0m[2m134:[0m Scan: Antliae Sector KM-W c1-6 A A Belt Cluster 4
[2m2026-05-11T08:10:34.476674Z[0m [34mDEBUG[0m [2medcas_client::journal_reader[0m[2m:[0m [2msrc/journal_reader.rs[0m[2m:[0m[2m134:[0m Scan: Antliae Sector KM-W c1-6 B 7
[2m2026-05-11T08:10:34.476773Z[0m [34mDEBUG[0m [2medcas_client::journal_reader[0m[2m:[0m [2msrc/journal_reader.rs[0m[2m:[0m[2m134:[0m Scan: Antliae Sector KM-W c1-6 A 2
[2m2026-05-11T08:10:34.476846Z[0m [34mDEBUG[0m [2medcas_client::journal_reader[0m[2m:[0m [2msrc/journal_reader.rs[0m[2m:[0m[2m134:[0m Scan: Antliae Sector KM-W c1-6 B 9
[2m2026-05-11T08:10:34.476916Z[0m [34mDEBUG[0m [2medcas_client::journal_reader[0m[2m:[0m [2msrc/journal_reader.rs[0m[2m:[0m[2m134:[0m Scan: Antliae Sector KM-W c1-6 A 6
[2m2026-05-11T08:10:34.477027Z[0m [34mDEBUG[0m [2medcas_client::journal_reader[0m[2m:[0m [2msrc/journal_reader.rs[0m[2m:[0m[2m134:[0m Scan: Antliae Sector KM-W c1-6 A 1
[2m2026-05-11T08:10:34.477086Z[0m [34mDEBUG[0m [2medcas_client::journal_reader[0m[2m:[0m [2msrc/journal_reader.rs[0m[2m:[0m[2m134:[0m Scan: Antliae Sector KM-W c1-6 B
[2m2026-05-11T08:10:34.477156Z[0m [34mDEBUG[0m [2medcas_client::journal_reader[0m[2m:[0m [2msrc/journal_reader.rs[0m[2m:[0m[2m134:[0m Scan: Antliae Sector KM-W c1-6 A 4
[2m2026-05-11T08:10:34.477251Z[0m [34mDEBUG[0m [2medcas_client::journal_reader[0m[2m:[0m [2msrc/journal_reader.rs[0m[2m:[0m[2m134:[0m Scan: Antliae Sector KM-W c1-6 B 8
[2m2026-05-11T08:10:34.477351Z[0m [34mDEBUG[0m [2medcas_client::journal_reader[0m[2m:[0m [2msrc/journal_reader.rs[0m[2m:[0m[2m134:[0m Scan: Antliae Sector KM-W c1-6 A 3
[2m2026-05-11T08:10:34.477432Z[0m [34mDEBUG[0m [2medcas_client::journal_reader[0m[2m:[0m [2msrc/journal_reader.rs[0m[2m:[0m[2m134:[0m Scan: Antliae Sector KM-W c1-6 B 3
[2m2026-05-11T08:10:34.559647Z[0m [34mDEBUG[0m [2mhyper_util::client::legacy::pool[0m[2m:[0m [2m/home/arne/.cargo/registry/src/index.crates.io-1949cf8c6b5b557f/hyper-util-0.1.17/src/client/legacy/pool.rs[0m[2m:[0m[2m395:[0m pooling idle connection for ("https", community.elitedangerous.com)
[2m2026-05-11T08:10:34.648358Z[0m [34mDEBUG[0m [2medcas_client::views::news[0m[2m:[0m [2msrc/views/news.rs[0m[2m:[0m[2m90:[0m Success fetching galnet 15 articles
[2m2026-05-11T08:10:34.650565Z[0m [32m INFO[0m [2medcas_client[0m[2m:[0m [2msrc/main.rs[0m[2m:[0m[2m370:[0m Entering main application loop
[2m2026-05-11T08:10:34.650598Z[0m [32m INFO[0m [2medcas_client[0m[2m:[0m [2msrc/main.rs[0m[2m:[0m[2m166:[0m Journal update received: system=Antliae Sector KM-W c1-6, bodies=28
[2m2026-05-11T08:10:34.650731Z[0m [34mDEBUG[0m [2medcas_client::views::explorer[0m[2m:[0m [2msrc/views/explorer.rs[0m[2m:[0m[2m49:[0m Explorer updated with 28 bodies, 7 tree nodes
[2m2026-05-11T08:10:34.650784Z[0m [32m INFO[0m [2medcas_client[0m[2m:[0m [2msrc/main.rs[0m[2m:[0m[2m166:[0m Journal update received: system=Antliae Sector KM-W c1-6, bodies=28
[2m2026-05-11T08:10:34.650878Z[0m [34mDEBUG[0m [2medcas_client::views::explorer[0m[2m:[0m [2msrc/views/explorer.rs[0m[2m:[0m[2m49:[0m Explorer updated with 28 bodies, 7 tree nodes
[2m2026-05-11T08:10:35.768326Z[0m [32m INFO[0m [2medcas_client[0m[2m:[0m [2msrc/main.rs[0m[2m:[0m[2m379:[0m Key pressed: KeyEvent { code: Char('e'), modifiers: KeyModifiers(0x0), kind: Press, state: KeyEventState(0x0) }
[2m2026-05-11T08:10:35.768387Z[0m [32m INFO[0m [2medcas_client[0m[2m:[0m [2msrc/main.rs[0m[2m:[0m[2m278:[0m Tab changed to: System
[2m2026-05-11T08:10:39.315196Z[0m [32m INFO[0m [2medcas_client[0m[2m:[0m [2msrc/main.rs[0m[2m:[0m[2m379:[0m Key pressed: KeyEvent { code: Char('e'), modifiers: KeyModifiers(0x0), kind: Press, state: KeyEventState(0x0) }
[2m2026-05-11T08:10:39.315238Z[0m [32m INFO[0m [2medcas_client[0m[2m:[0m [2msrc/main.rs[0m[2m:[0m[2m278:[0m Tab changed to: Explorer
[2m2026-05-11T08:10:44.123376Z[0m [32m INFO[0m [2medcas_client[0m[2m:[0m [2msrc/main.rs[0m[2m:[0m[2m166:[0m Journal update received: system=Antliae Sector KM-W c1-6, bodies=28
[2m2026-05-11T08:10:44.123548Z[0m [34mDEBUG[0m [2medcas_client::views::explorer[0m[2m:[0m [2msrc/views/explorer.rs[0m[2m:[0m[2m49:[0m Explorer updated with 28 bodies, 7 tree nodes
[2m2026-05-11T08:10:44.548142Z[0m [32m INFO[0m [2medcas_client[0m[2m:[0m [2msrc/main.rs[0m[2m:[0m[2m166:[0m Journal update received: system=Antliae Sector KM-W c1-6, bodies=28
[2m2026-05-11T08:10:44.548331Z[0m [34mDEBUG[0m [2medcas_client::views::explorer[0m[2m:[0m [2msrc/views/explorer.rs[0m[2m:[0m[2m49:[0m Explorer updated with 28 bodies, 7 tree nodes
[2m2026-05-11T08:11:01.660773Z[0m [32m INFO[0m [2medcas_client[0m[2m:[0m [2msrc/main.rs[0m[2m:[0m[2m166:[0m Journal update received: system=Antliae Sector KM-W c1-6, bodies=28
[2m2026-05-11T08:11:01.660926Z[0m [34mDEBUG[0m [2medcas_client::views::explorer[0m[2m:[0m [2msrc/views/explorer.rs[0m[2m:[0m[2m49:[0m Explorer updated with 28 bodies, 7 tree nodes
[2m2026-05-11T08:11:21.877762Z[0m [32m INFO[0m [2medcas_client[0m[2m:[0m [2msrc/main.rs[0m[2m:[0m[2m166:[0m Journal update received: system=Antliae Sector KM-W c1-6, bodies=28
[2m2026-05-11T08:11:21.877965Z[0m [34mDEBUG[0m [2medcas_client::views::explorer[0m[2m:[0m [2msrc/views/explorer.rs[0m[2m:[0m[2m49:[0m Explorer updated with 28 bodies, 7 tree nodes
[2m2026-05-11T08:11:23.796390Z[0m [32m INFO[0m [2medcas_client[0m[2m:[0m [2msrc/main.rs[0m[2m:[0m[2m166:[0m Journal update received: system=Antliae Sector KM-W c1-6, bodies=28
[2m2026-05-11T08:11:23.796552Z[0m [34mDEBUG[0m [2medcas_client::views::explorer[0m[2m:[0m [2msrc/views/explorer.rs[0m[2m:[0m[2m49:[0m Explorer updated with 28 bodies, 7 tree nodes
[2m2026-05-11T08:11:24.863007Z[0m [32m INFO[0m [2medcas_client[0m[2m:[0m [2msrc/main.rs[0m[2m:[0m[2m166:[0m Journal update received: system=Antliae Sector KM-W c1-6, bodies=28
[2m2026-05-11T08:11:24.863238Z[0m [34mDEBUG[0m [2medcas_client::views::explorer[0m[2m:[0m [2msrc/views/explorer.rs[0m[2m:[0m[2m49:[0m Explorer updated with 28 bodies, 7 tree nodes
